   NTIME    MAXIT    Reynolds      DT         CFL      CFLMAX
    55      200      200.00       0.25000E-02    25.000     25.00    
    1    1   0.000E+00 0.000E+00 0.298E+01 0.000E+00 0.000E+00       NaN 0.000E+00   0.000000E+00
    1  101   0.522E+00 0.173E+00 0.319E-01 0.000E+00 0.000E+00       NaN 0.000E+00   0.000000E+00
    1  201   0.249E+00 0.584E-01 0.388E-02 0.000E+00 0.000E+00       NaN 0.000E+00   0.000000E+00
    1  301   0.217E+00 0.313E-01 0.529E-02 0.000E+00 0.000E+00       NaN 0.000E+00   0.000000E+00
    1  401   0.992E-01 0.368E-01 0.000E+00 0.000E+00       NaN 0.000E+00 0.000E+00
    2  201   0.114E-02 0.939E-04 0.000E+00 0.000E+00       NaN 0.000E+00 0.250E-02
    3  201   0.401E-02 0.370E-03 0.000E+00 0.000E+00       NaN 0.000E+00 0.500E-02
    4  201   0.121E-02 0.558E-04 0.000E+00 0.000E+00       NaN 0.000E+00 0.750E-02
    5  201   0.299E-03 0.224E-03 0.000E+00 0.000E+00       NaN 0.000E+00 0.100E-01
    6  201   0.294E-03 0.280E-04 0.000E+00 0.000E+00       NaN 0.000E+00 0.125E-01
    7  201   0.203E-03 0.123E-03 0.000E+00 0.000E+00       NaN 0.000E+00 0.150E-01
    8  201   0.170E-03 0.198E-04 0.000E+00 0.000E+00       NaN 0.000E+00 0.175E-01
    9  201   0.100E-03 0.602E-04 0.000E+00 0.000E+00       NaN 0.000E+00 0.200E-01
   10  201   0.767E-04 0.209E-04 0.000E+00 0.000E+00       NaN 0.000E+00 0.225E-01
   11  201   0.488E-04 0.277E-04 0.000E+00 0.000E+00       NaN 0.000E+00 0.250E-01
   12  201   0.363E-04 0.164E-04 0.000E+00 0.000E+00       NaN 0.000E+00 0.275E-01
   13  201   0.245E-04 0.155E-04 0.000E+00 0.000E+00       NaN 0.000E+00 0.300E-01
   14  201   0.176E-04 0.928E-05 0.000E+00 0.000E+00       NaN 0.000E+00 0.325E-01
   15  201   0.122E-04 0.105E-04 0.000E+00 0.000E+00       NaN 0.000E+00 0.350E-01
   16  192   0.937E-05 0.867E-05 0.000E+00 0.000E+00       NaN 0.000E+00 0.375E-01
   17  192   0.653E-05 0.941E-05 0.000E+00 0.000E+00       NaN 0.000E+00 0.400E-01
   18  190   0.449E-05 0.912E-05 0.000E+00 0.000E+00       NaN 0.000E+00 0.425E-01
   19  174   0.588E-05 0.993E-05 0.000E+00 0.000E+00       NaN 0.000E+00 0.450E-01
   20  166   0.496E-05 0.972E-05 0.000E+00 0.000E+00       NaN 0.000E+00 0.475E-01
   21  165   0.398E-05 0.998E-05 0.000E+00 0.000E+00       NaN 0.000E+00 0.500E-01
   22  164   0.318E-05 0.922E-05 0.000E+00 0.000E+00       NaN 0.000E+00 0.525E-01
   23  153   0.324E-05 0.954E-05 0.000E+00 0.000E+00       NaN 0.000E+00 0.550E-01
   24  140   0.426E-05 0.964E-05 0.000E+00 0.000E+00       NaN 0.000E+00 0.575E-01
   25  139   0.350E-05 0.977E-05 0.000E+00 0.000E+00       NaN 0.000E+00 0.600E-01
   26  138   0.278E-05 0.986E-05 0.000E+00 0.000E+00       NaN 0.000E+00 0.625E-01
   27  137   0.237E-05 0.981E-05 0.000E+00 0.000E+00       NaN 0.000E+00 0.650E-01
   28  114   0.521E-05 0.990E-05 0.000E+00 0.000E+00       NaN 0.000E+00 0.675E-01
   29  114   0.468E-05 0.946E-05 0.000E+00 0.000E+00       NaN 0.000E+00 0.700E-01
   30  112   0.446E-05 0.991E-05 0.000E+00 0.000E+00       NaN 0.000E+00 0.725E-01
   31  111   0.424E-05 0.945E-05 0.000E+00 0.000E+00       NaN 0.000E+00 0.750E-01
   32  110   0.411E-05 0.900E-05 0.000E+00 0.000E+00       NaN 0.000E+00 0.775E-01
   33   90   0.679E-05 0.893E-05 0.000E+00 0.000E+00       NaN 0.000E+00 0.800E-01
   34   89   0.692E-05 0.924E-05 0.000E+00 0.000E+00       NaN 0.000E+00 0.825E-01
   35   88   0.660E-05 0.954E-05 0.000E+00 0.000E+00       NaN 0.000E+00 0.850E-01
   36   88   0.616E-05 0.907E-05 0.000E+00 0.000E+00       NaN 0.000E+00 0.875E-01
   37   87   0.565E-05 0.983E-05 0.000E+00 0.000E+00       NaN 0.000E+00 0.900E-01
   38   87   0.534E-05 0.962E-05 0.000E+00 0.000E+00       NaN 0.000E+00 0.925E-01
   39   87   0.515E-05 0.939E-05 0.000E+00 0.000E+00       NaN 0.000E+00 0.950E-01
   40   87   0.499E-05 0.917E-05 0.000E+00 0.000E+00       NaN 0.000E+00 0.975E-01
   41   87   0.484E-05 0.893E-05 0.000E+00 0.000E+00       NaN 0.000E+00 0.100E+00
   42   87   0.468E-05 0.866E-05 0.000E+00 0.000E+00       NaN 0.000E+00 0.103E+00
   43   87   0.451E-05 0.839E-05 0.000E+00 0.000E+00       NaN 0.000E+00 0.105E+00
   44   63   0.777E-05 0.968E-05 0.000E+00 0.000E+00       NaN 0.000E+00 0.108E+00
   45   65   0.747E-05 0.922E-05 0.000E+00 0.000E+00       NaN 0.000E+00 0.110E+00
   46   63   0.704E-05 0.974E-05 0.000E+00 0.000E+00       NaN 0.000E+00 0.113E+00
   47   61   0.716E-05 0.953E-05 0.000E+00 0.000E+00       NaN 0.000E+00 0.115E+00
   48   50   0.998E-05 0.945E-05 0.000E+00 0.000E+00       NaN 0.000E+00 0.118E+00
   49   43   0.990E-05 0.990E-05 0.000E+00 0.000E+00       NaN 0.000E+00 0.120E+00
   50   30   0.777E-05 0.983E-05 0.000E+00 0.000E+00       NaN 0.000E+00 0.123E+00
   51   35   0.795E-05 0.979E-05 0.000E+00 0.000E+00       NaN 0.000E+00 0.125E+00
   52   57   0.501E-05 0.913E-05 0.000E+00 0.000E+00       NaN 0.000E+00 0.128E+00
   53   57   0.596E-05 0.950E-05 0.000E+00 0.000E+00       NaN 0.000E+00 0.130E+00
   54   57   0.669E-05 0.947E-05 0.000E+00 0.000E+00       NaN 0.000E+00 0.133E+00
   55   61   0.605E-05 0.977E-05 0.000E+00 0.000E+00       NaN 0.000E+00 0.135E+00
